<?xml version="1.0" encoding="UTF-8"?>
<testsuite name="BeispielProjekt.AppTest" tests="1" skipped="0" failures="0" errors="0" timestamp="2021-04-12T14:10:02" hostname="DESKTOP-9P59GRV" time="0.027">
  <properties/>
  <testcase name="appHasAGreeting()" classname="BeispielProjekt.AppTest" time="0.027"/>
  <system-out><![CDATA[]]></system-out>
  <system-err><![CDATA[]]></system-err>
</testsuite>
